[2025-05-10T14:25:21.943+0000] {taskinstance.py:1103} INFO - Dependencies all met for dep_context=non-requeueable deps ti=<TaskInstance: yfinance_pipeline.load_yfinance scheduled__2025-05-09T00:00:00+00:00 [queued]>
[2025-05-10T14:25:21.952+0000] {taskinstance.py:1103} INFO - Dependencies all met for dep_context=requeueable deps ti=<TaskInstance: yfinance_pipeline.load_yfinance scheduled__2025-05-09T00:00:00+00:00 [queued]>
[2025-05-10T14:25:21.952+0000] {taskinstance.py:1308} INFO - Starting attempt 1 of 2
[2025-05-10T14:25:21.970+0000] {taskinstance.py:1327} INFO - Executing <Task(DockerOperator): load_yfinance> on 2025-05-09 00:00:00+00:00
[2025-05-10T14:25:21.975+0000] {standard_task_runner.py:57} INFO - Started process 162 to run task
[2025-05-10T14:25:21.978+0000] {standard_task_runner.py:84} INFO - Running: ['***', 'tasks', 'run', 'yfinance_pipeline', 'load_yfinance', 'scheduled__2025-05-09T00:00:00+00:00', '--job-id', '10', '--raw', '--subdir', 'DAGS_FOLDER/pipeline.py', '--cfg-path', '/tmp/tmpnzo5u6nh']
[2025-05-10T14:25:21.979+0000] {standard_task_runner.py:85} INFO - Job 10: Subtask load_yfinance
[2025-05-10T14:25:22.036+0000] {task_command.py:410} INFO - Running <TaskInstance: yfinance_pipeline.load_yfinance scheduled__2025-05-09T00:00:00+00:00 [running]> on host ef456516b5a1
[2025-05-10T14:25:22.136+0000] {taskinstance.py:1547} INFO - Exporting env vars: AIRFLOW_CTX_DAG_OWNER='***' AIRFLOW_CTX_DAG_ID='yfinance_pipeline' AIRFLOW_CTX_TASK_ID='load_yfinance' AIRFLOW_CTX_EXECUTION_DATE='2025-05-09T00:00:00+00:00' AIRFLOW_CTX_TRY_NUMBER='1' AIRFLOW_CTX_DAG_RUN_ID='scheduled__2025-05-09T00:00:00+00:00'
[2025-05-10T14:25:22.164+0000] {docker.py:334} INFO - Starting docker container from image loader:latest
[2025-05-10T14:25:22.924+0000] {docker.py:403} INFO - 2025-05-10 14:25:22,922 - __main__ - INFO - Starting MongoDB load process at: 2025-05-10 14:25:22
2025-05-10 14:25:22,922 - __main__ - INFO - Loading data from: ../output/yfinance_output.json
2025-05-10 14:25:22,922 - __main__ - INFO - Target MongoDB: bigdata_saham.yfinance_data_testt
[2025-05-10T14:25:22.958+0000] {docker.py:403} INFO - 2025-05-10 14:25:22,956 - __main__ - INFO - Successfully loaded 228 stock records from file
[2025-05-10T14:25:23.798+0000] {docker.py:403} INFO - 2025-05-10 14:25:23,796 - __main__ - INFO - Successfully connected to MongoDB
[2025-05-10T14:25:24.846+0000] {docker.py:403} INFO - 2025-05-10 14:25:24,844 - __main__ - INFO - Progress: 10/228 stocks processed
[2025-05-10T14:25:25.597+0000] {docker.py:403} INFO - 2025-05-10 14:25:25,595 - __main__ - INFO - Progress: 20/228 stocks processed
[2025-05-10T14:25:26.728+0000] {docker.py:403} INFO - 2025-05-10 14:25:26,726 - __main__ - INFO - Progress: 30/228 stocks processed
[2025-05-10T14:25:27.490+0000] {docker.py:403} INFO - 2025-05-10 14:25:27,489 - __main__ - INFO - Progress: 40/228 stocks processed
[2025-05-10T14:25:28.299+0000] {docker.py:403} INFO - 2025-05-10 14:25:28,298 - __main__ - INFO - Progress: 50/228 stocks processed
[2025-05-10T14:25:29.119+0000] {docker.py:403} INFO - 2025-05-10 14:25:29,118 - __main__ - INFO - Progress: 60/228 stocks processed
[2025-05-10T14:25:29.873+0000] {docker.py:403} INFO - 2025-05-10 14:25:29,872 - __main__ - INFO - Progress: 70/228 stocks processed
[2025-05-10T14:25:30.673+0000] {docker.py:403} INFO - 2025-05-10 14:25:30,671 - __main__ - INFO - Progress: 80/228 stocks processed
[2025-05-10T14:25:31.439+0000] {docker.py:403} INFO - 2025-05-10 14:25:31,437 - __main__ - INFO - Progress: 90/228 stocks processed
[2025-05-10T14:25:32.192+0000] {docker.py:403} INFO - 2025-05-10 14:25:32,191 - __main__ - INFO - Progress: 100/228 stocks processed
[2025-05-10T14:25:32.970+0000] {docker.py:403} INFO - 2025-05-10 14:25:32,969 - __main__ - INFO - Progress: 110/228 stocks processed
[2025-05-10T14:25:33.726+0000] {docker.py:403} INFO - 2025-05-10 14:25:33,724 - __main__ - INFO - Progress: 120/228 stocks processed
[2025-05-10T14:25:34.464+0000] {docker.py:403} INFO - 2025-05-10 14:25:34,463 - __main__ - INFO - Progress: 130/228 stocks processed
[2025-05-10T14:25:35.223+0000] {docker.py:403} INFO - 2025-05-10 14:25:35,222 - __main__ - INFO - Progress: 140/228 stocks processed
[2025-05-10T14:25:36.520+0000] {docker.py:403} INFO - 2025-05-10 14:25:36,518 - __main__ - INFO - Progress: 150/228 stocks processed
[2025-05-10T14:25:37.208+0000] {docker.py:403} INFO - 2025-05-10 14:25:37,207 - __main__ - INFO - Progress: 160/228 stocks processed
[2025-05-10T14:25:37.921+0000] {docker.py:403} INFO - 2025-05-10 14:25:37,919 - __main__ - INFO - Progress: 170/228 stocks processed
[2025-05-10T14:25:38.639+0000] {docker.py:403} INFO - 2025-05-10 14:25:38,638 - __main__ - INFO - Progress: 180/228 stocks processed
[2025-05-10T14:25:39.392+0000] {docker.py:403} INFO - 2025-05-10 14:25:39,391 - __main__ - INFO - Progress: 190/228 stocks processed
[2025-05-10T14:25:40.135+0000] {docker.py:403} INFO - 2025-05-10 14:25:40,133 - __main__ - INFO - Progress: 200/228 stocks processed
[2025-05-10T14:25:40.888+0000] {docker.py:403} INFO - 2025-05-10 14:25:40,886 - __main__ - INFO - Progress: 210/228 stocks processed
[2025-05-10T14:25:41.734+0000] {docker.py:403} INFO - 2025-05-10 14:25:41,732 - __main__ - INFO - Progress: 220/228 stocks processed
[2025-05-10T14:25:42.338+0000] {docker.py:403} INFO - 2025-05-10 14:25:42,336 - __main__ - INFO - Progress: 228/228 stocks processed
2025-05-10 14:25:42,336 - __main__ - INFO - 
==================================================
2025-05-10 14:25:42,336 - __main__ - INFO - MONGODB LOAD SUMMARY
2025-05-10 14:25:42,336 - __main__ - INFO - ==================================================
[2025-05-10T14:25:42.339+0000] {docker.py:403} INFO - 2025-05-10 14:25:42,337 - __main__ - INFO - Total execution time: 19.41 seconds
2025-05-10 14:25:42,337 - __main__ - INFO - Total stocks processed: 228
[2025-05-10T14:25:42.339+0000] {docker.py:403} INFO - 2025-05-10 14:25:42,337 - __main__ - INFO - New documents inserted: 228
[2025-05-10T14:25:42.340+0000] {docker.py:403} INFO - 2025-05-10 14:25:42,337 - __main__ - INFO - Existing documents updated: 0
2025-05-10 14:25:42,337 - __main__ - INFO - Errors encountered: 0
[2025-05-10T14:25:42.370+0000] {docker.py:403} INFO - 2025-05-10 14:25:42,369 - __main__ - INFO - MongoDB connection closed
[2025-05-10T14:25:43.252+0000] {taskinstance.py:1350} INFO - Marking task as SUCCESS. dag_id=yfinance_pipeline, task_id=load_yfinance, execution_date=20250509T000000, start_date=20250510T142521, end_date=20250510T142543
[2025-05-10T14:25:43.293+0000] {local_task_job_runner.py:225} INFO - Task exited with return code 0
[2025-05-10T14:25:43.315+0000] {taskinstance.py:2653} INFO - 0 downstream tasks scheduled from follow-on schedule check
